# Simulated CANopen + DS402 startup sequence for node 1
(0.000000) can0 000#0101
(0.010000) can0 701#00
(0.020000) can0 601#2B40600006000000
(0.021000) can0 581#6040600000000000
(0.030000) can0 601#2B40600007000000
(0.031000) can0 581#6040600000000000
(0.040000) can0 601#2B4060000F000000
(0.041000) can0 581#6040600000000000
(0.050000) can0 601#2F60600001000000
(0.051000) can0 581#6060600000000000
(0.060000) can0 601#4061600000000000
(0.061000) can0 581#4F61600001000000
(0.070000) can0 601#4041600000000000
(0.071000) can0 581#4B41600027000000
(0.080000) can0 181#27000100
(0.090000) can0 281#0F000100
(0.100000) can0 701#05
(0.110000) can0 081#0000000000000000
(0.120000) can0 601#2B40600080000000
(0.121000) can0 581#6040600000000000
(0.130000) can0 601#4041600000000000
(0.131000) can0 581#4B41600008000000

# A second node with heartbeat and an emergency
(0.150000) can0 702#05
(0.160000) can0 082#1000010000000000
